{"C:\\Users\\Matheus\\Documents\\Entrevista\\StartDB-2025\\src\\abrigo-animais.js": {"path":"C:\\Users\\Matheus\\Documents\\Entrevista\\StartDB-2025\\src\\abrigo-animais.js","all":false,"statementMap":{"0":{"start":{"line":1,"column":0},"end":{"line":1,"column":21}},"1":{"start":{"line":2,"column":0},"end":{"line":2,"column":5}},"2":{"start":{"line":3,"column":0},"end":{"line":3,"column":86}},"3":{"start":{"line":4,"column":0},"end":{"line":4,"column":68}},"4":{"start":{"line":5,"column":0},"end":{"line":5,"column":80}},"5":{"start":{"line":6,"column":0},"end":{"line":6,"column":49}},"6":{"start":{"line":7,"column":0},"end":{"line":7,"column":5}},"7":{"start":{"line":8,"column":0},"end":{"line":8,"column":71}},"8":{"start":{"line":9,"column":0},"end":{"line":9,"column":9}},"9":{"start":{"line":10,"column":0},"end":{"line":10,"column":71}},"10":{"start":{"line":11,"column":0},"end":{"line":11,"column":23}},"11":{"start":{"line":12,"column":0},"end":{"line":12,"column":52}},"12":{"start":{"line":13,"column":0},"end":{"line":13,"column":55}},"13":{"start":{"line":14,"column":0},"end":{"line":14,"column":63}},"14":{"start":{"line":15,"column":0},"end":{"line":15,"column":54}},"15":{"start":{"line":16,"column":0},"end":{"line":16,"column":56}},"16":{"start":{"line":17,"column":0},"end":{"line":17,"column":62}},"17":{"start":{"line":18,"column":0},"end":{"line":18,"column":57}},"18":{"start":{"line":19,"column":0},"end":{"line":19,"column":8}},"19":{"start":{"line":20,"column":0},"end":{"line":20,"column":0}},"20":{"start":{"line":21,"column":0},"end":{"line":21,"column":34}},"21":{"start":{"line":22,"column":0},"end":{"line":22,"column":15}},"22":{"start":{"line":23,"column":0},"end":{"line":23,"column":15}},"23":{"start":{"line":24,"column":0},"end":{"line":24,"column":17}},"24":{"start":{"line":25,"column":0},"end":{"line":25,"column":16}},"25":{"start":{"line":26,"column":0},"end":{"line":26,"column":16}},"26":{"start":{"line":27,"column":0},"end":{"line":27,"column":16}},"27":{"start":{"line":28,"column":0},"end":{"line":28,"column":9}},"28":{"start":{"line":29,"column":0},"end":{"line":29,"column":0}},"29":{"start":{"line":30,"column":0},"end":{"line":30,"column":34}},"30":{"start":{"line":31,"column":0},"end":{"line":31,"column":10}},"31":{"start":{"line":32,"column":0},"end":{"line":32,"column":48}},"32":{"start":{"line":33,"column":0},"end":{"line":33,"column":48}},"33":{"start":{"line":34,"column":0},"end":{"line":34,"column":40}},"34":{"start":{"line":35,"column":0},"end":{"line":35,"column":9}},"35":{"start":{"line":36,"column":0},"end":{"line":36,"column":44}},"36":{"start":{"line":37,"column":0},"end":{"line":37,"column":7}},"37":{"start":{"line":38,"column":0},"end":{"line":38,"column":0}},"38":{"start":{"line":39,"column":0},"end":{"line":39,"column":25}},"39":{"start":{"line":40,"column":0},"end":{"line":40,"column":30}},"40":{"start":{"line":41,"column":0},"end":{"line":41,"column":9}},"41":{"start":{"line":42,"column":0},"end":{"line":42,"column":21}},"42":{"start":{"line":43,"column":0},"end":{"line":43,"column":31}},"43":{"start":{"line":44,"column":0},"end":{"line":44,"column":39}},"44":{"start":{"line":45,"column":0},"end":{"line":45,"column":74}},"45":{"start":{"line":46,"column":0},"end":{"line":46,"column":74}},"46":{"start":{"line":47,"column":0},"end":{"line":47,"column":44}},"47":{"start":{"line":48,"column":0},"end":{"line":48,"column":0}},"48":{"start":{"line":49,"column":0},"end":{"line":49,"column":51}},"49":{"start":{"line":50,"column":0},"end":{"line":50,"column":72}},"50":{"start":{"line":51,"column":0},"end":{"line":51,"column":51}},"51":{"start":{"line":52,"column":0},"end":{"line":52,"column":46}},"52":{"start":{"line":53,"column":0},"end":{"line":53,"column":7}},"53":{"start":{"line":54,"column":0},"end":{"line":54,"column":0}},"54":{"start":{"line":55,"column":0},"end":{"line":55,"column":53}},"55":{"start":{"line":56,"column":0},"end":{"line":56,"column":63}},"56":{"start":{"line":57,"column":0},"end":{"line":57,"column":48}},"57":{"start":{"line":58,"column":0},"end":{"line":58,"column":43}},"58":{"start":{"line":59,"column":0},"end":{"line":59,"column":7}},"59":{"start":{"line":60,"column":0},"end":{"line":60,"column":30}},"60":{"start":{"line":61,"column":0},"end":{"line":61,"column":64}},"61":{"start":{"line":62,"column":0},"end":{"line":62,"column":45}},"62":{"start":{"line":63,"column":0},"end":{"line":63,"column":9}},"63":{"start":{"line":64,"column":0},"end":{"line":64,"column":7}},"64":{"start":{"line":65,"column":0},"end":{"line":65,"column":0}},"65":{"start":{"line":66,"column":0},"end":{"line":66,"column":70}},"66":{"start":{"line":67,"column":0},"end":{"line":67,"column":36}},"67":{"start":{"line":68,"column":0},"end":{"line":68,"column":68}},"68":{"start":{"line":69,"column":0},"end":{"line":69,"column":45}},"69":{"start":{"line":70,"column":0},"end":{"line":70,"column":48}},"70":{"start":{"line":71,"column":0},"end":{"line":71,"column":9}},"71":{"start":{"line":72,"column":0},"end":{"line":72,"column":7}},"72":{"start":{"line":73,"column":0},"end":{"line":73,"column":0}},"73":{"start":{"line":74,"column":0},"end":{"line":74,"column":91}},"74":{"start":{"line":75,"column":0},"end":{"line":75,"column":46}},"75":{"start":{"line":76,"column":0},"end":{"line":76,"column":18}},"76":{"start":{"line":77,"column":0},"end":{"line":77,"column":67}},"77":{"start":{"line":78,"column":0},"end":{"line":78,"column":40}},"78":{"start":{"line":79,"column":0},"end":{"line":79,"column":9}},"79":{"start":{"line":80,"column":0},"end":{"line":80,"column":35}},"80":{"start":{"line":81,"column":0},"end":{"line":81,"column":8}},"81":{"start":{"line":82,"column":0},"end":{"line":82,"column":0}},"82":{"start":{"line":83,"column":0},"end":{"line":83,"column":66}},"83":{"start":{"line":84,"column":0},"end":{"line":84,"column":52}},"84":{"start":{"line":85,"column":0},"end":{"line":85,"column":30}},"85":{"start":{"line":86,"column":0},"end":{"line":86,"column":63}},"86":{"start":{"line":87,"column":0},"end":{"line":87,"column":33}},"87":{"start":{"line":88,"column":0},"end":{"line":88,"column":36}},"88":{"start":{"line":89,"column":0},"end":{"line":89,"column":35}},"89":{"start":{"line":90,"column":0},"end":{"line":90,"column":28}},"90":{"start":{"line":91,"column":0},"end":{"line":91,"column":9}},"91":{"start":{"line":92,"column":0},"end":{"line":92,"column":20}},"92":{"start":{"line":93,"column":0},"end":{"line":93,"column":8}},"93":{"start":{"line":94,"column":0},"end":{"line":94,"column":0}},"94":{"start":{"line":95,"column":0},"end":{"line":95,"column":24}},"95":{"start":{"line":96,"column":0},"end":{"line":96,"column":42}},"96":{"start":{"line":97,"column":0},"end":{"line":97,"column":0}},"97":{"start":{"line":98,"column":0},"end":{"line":98,"column":33}},"98":{"start":{"line":99,"column":0},"end":{"line":99,"column":44}},"99":{"start":{"line":100,"column":0},"end":{"line":100,"column":0}},"100":{"start":{"line":101,"column":0},"end":{"line":101,"column":44}},"101":{"start":{"line":102,"column":0},"end":{"line":102,"column":37}},"102":{"start":{"line":103,"column":0},"end":{"line":103,"column":44}},"103":{"start":{"line":104,"column":0},"end":{"line":104,"column":0}},"104":{"start":{"line":105,"column":0},"end":{"line":105,"column":32}},"105":{"start":{"line":106,"column":0},"end":{"line":106,"column":99}},"106":{"start":{"line":107,"column":0},"end":{"line":107,"column":41}},"107":{"start":{"line":108,"column":0},"end":{"line":108,"column":105}},"108":{"start":{"line":109,"column":0},"end":{"line":109,"column":56}},"109":{"start":{"line":110,"column":0},"end":{"line":110,"column":13}},"110":{"start":{"line":111,"column":0},"end":{"line":111,"column":68}},"111":{"start":{"line":112,"column":0},"end":{"line":112,"column":44}},"112":{"start":{"line":113,"column":0},"end":{"line":113,"column":11}},"113":{"start":{"line":114,"column":0},"end":{"line":114,"column":0}},"114":{"start":{"line":115,"column":0},"end":{"line":115,"column":79}},"115":{"start":{"line":116,"column":0},"end":{"line":116,"column":42}},"116":{"start":{"line":117,"column":0},"end":{"line":117,"column":10}},"117":{"start":{"line":118,"column":0},"end":{"line":118,"column":0}},"118":{"start":{"line":119,"column":0},"end":{"line":119,"column":30}},"119":{"start":{"line":120,"column":0},"end":{"line":120,"column":30}},"120":{"start":{"line":121,"column":0},"end":{"line":121,"column":0}},"121":{"start":{"line":122,"column":0},"end":{"line":122,"column":61}},"122":{"start":{"line":123,"column":0},"end":{"line":123,"column":23}},"123":{"start":{"line":124,"column":0},"end":{"line":124,"column":42}},"124":{"start":{"line":125,"column":0},"end":{"line":125,"column":19}},"125":{"start":{"line":126,"column":0},"end":{"line":126,"column":9}},"126":{"start":{"line":127,"column":0},"end":{"line":127,"column":0}},"127":{"start":{"line":128,"column":0},"end":{"line":128,"column":50}},"128":{"start":{"line":129,"column":0},"end":{"line":129,"column":41}},"129":{"start":{"line":130,"column":0},"end":{"line":130,"column":41}},"130":{"start":{"line":131,"column":0},"end":{"line":131,"column":0}},"131":{"start":{"line":132,"column":0},"end":{"line":132,"column":25}},"132":{"start":{"line":133,"column":0},"end":{"line":133,"column":44}},"133":{"start":{"line":134,"column":0},"end":{"line":134,"column":28}},"134":{"start":{"line":135,"column":0},"end":{"line":135,"column":32}},"135":{"start":{"line":136,"column":0},"end":{"line":136,"column":44}},"136":{"start":{"line":137,"column":0},"end":{"line":137,"column":28}},"137":{"start":{"line":138,"column":0},"end":{"line":138,"column":16}},"138":{"start":{"line":139,"column":0},"end":{"line":139,"column":42}},"139":{"start":{"line":140,"column":0},"end":{"line":140,"column":9}},"140":{"start":{"line":141,"column":0},"end":{"line":141,"column":7}},"141":{"start":{"line":142,"column":0},"end":{"line":142,"column":0}},"142":{"start":{"line":143,"column":0},"end":{"line":143,"column":50}},"143":{"start":{"line":144,"column":0},"end":{"line":144,"column":27}},"144":{"start":{"line":145,"column":0},"end":{"line":145,"column":60}},"145":{"start":{"line":146,"column":0},"end":{"line":146,"column":8}},"146":{"start":{"line":147,"column":0},"end":{"line":147,"column":0}},"147":{"start":{"line":148,"column":0},"end":{"line":148,"column":44}},"148":{"start":{"line":149,"column":0},"end":{"line":149,"column":17}},"149":{"start":{"line":150,"column":0},"end":{"line":150,"column":41}},"150":{"start":{"line":151,"column":0},"end":{"line":151,"column":5}},"151":{"start":{"line":152,"column":0},"end":{"line":152,"column":3}},"152":{"start":{"line":153,"column":0},"end":{"line":153,"column":1}},"153":{"start":{"line":154,"column":0},"end":{"line":154,"column":0}},"154":{"start":{"line":155,"column":0},"end":{"line":155,"column":42}}},"s":{"0":1,"1":1,"2":1,"3":1,"4":1,"5":1,"6":1,"7":1,"8":7,"9":7,"10":7,"11":7,"12":7,"13":7,"14":7,"15":7,"16":7,"17":7,"18":7,"19":7,"20":7,"21":7,"22":7,"23":7,"24":7,"25":7,"26":7,"27":7,"28":7,"29":7,"30":7,"31":7,"32":7,"33":7,"34":7,"35":0,"36":0,"37":7,"38":7,"39":7,"40":21,"41":21,"42":21,"43":7,"44":7,"45":7,"46":7,"47":7,"48":7,"49":7,"50":7,"51":1,"52":1,"53":6,"54":6,"55":6,"56":7,"57":0,"58":0,"59":7,"60":11,"61":1,"62":1,"63":11,"64":5,"65":5,"66":7,"67":4,"68":4,"69":1,"70":1,"71":4,"72":4,"73":4,"74":4,"75":17,"76":17,"77":33,"78":33,"79":17,"80":4,"81":4,"82":4,"83":4,"84":0,"85":0,"86":0,"87":0,"88":0,"89":0,"90":0,"91":0,"92":4,"93":4,"94":4,"95":4,"96":4,"97":7,"98":9,"99":9,"100":9,"101":9,"102":18,"103":18,"104":18,"105":2,"106":2,"107":1,"108":1,"109":1,"110":1,"111":1,"112":1,"113":16,"114":16,"115":16,"116":9,"117":9,"118":9,"119":9,"120":9,"121":9,"122":9,"123":1,"124":1,"125":1,"126":8,"127":8,"128":8,"129":8,"130":8,"131":9,"132":6,"133":6,"134":9,"135":0,"136":0,"137":2,"138":2,"139":2,"140":9,"141":4,"142":4,"143":4,"144":7,"145":4,"146":4,"147":4,"148":7,"149":0,"150":0,"151":7,"152":1,"153":1,"154":1},"branchMap":{"0":{"type":"branch","line":8,"loc":{"start":{"line":8,"column":2},"end":{"line":152,"column":3}},"locations":[{"start":{"line":8,"column":2},"end":{"line":152,"column":3}}]},"1":{"type":"branch","line":35,"loc":{"start":{"line":35,"column":8},"end":{"line":37,"column":7}},"locations":[{"start":{"line":35,"column":8},"end":{"line":37,"column":7}}]},"2":{"type":"branch","line":51,"loc":{"start":{"line":51,"column":27},"end":{"line":51,"column":48}},"locations":[{"start":{"line":51,"column":27},"end":{"line":51,"column":48}}]},"3":{"type":"branch","line":51,"loc":{"start":{"line":51,"column":50},"end":{"line":53,"column":7}},"locations":[{"start":{"line":51,"column":50},"end":{"line":53,"column":7}}]},"4":{"type":"branch","line":53,"loc":{"start":{"line":53,"column":6},"end":{"line":57,"column":45}},"locations":[{"start":{"line":53,"column":6},"end":{"line":57,"column":45}}]},"5":{"type":"branch","line":57,"loc":{"start":{"line":57,"column":47},"end":{"line":59,"column":7}},"locations":[{"start":{"line":57,"column":47},"end":{"line":59,"column":7}}]},"6":{"type":"branch","line":59,"loc":{"start":{"line":59,"column":6},"end":{"line":60,"column":29}},"locations":[{"start":{"line":59,"column":6},"end":{"line":60,"column":29}}]},"7":{"type":"branch","line":60,"loc":{"start":{"line":60,"column":29},"end":{"line":64,"column":7}},"locations":[{"start":{"line":60,"column":29},"end":{"line":64,"column":7}}]},"8":{"type":"branch","line":61,"loc":{"start":{"line":61,"column":63},"end":{"line":63,"column":9}},"locations":[{"start":{"line":61,"column":63},"end":{"line":63,"column":9}}]},"9":{"type":"branch","line":64,"loc":{"start":{"line":64,"column":6},"end":{"line":67,"column":35}},"locations":[{"start":{"line":64,"column":6},"end":{"line":67,"column":35}}]},"10":{"type":"branch","line":67,"loc":{"start":{"line":67,"column":35},"end":{"line":98,"column":32}},"locations":[{"start":{"line":67,"column":35},"end":{"line":98,"column":32}}]},"11":{"type":"branch","line":69,"loc":{"start":{"line":69,"column":25},"end":{"line":69,"column":42}},"locations":[{"start":{"line":69,"column":25},"end":{"line":69,"column":42}}]},"12":{"type":"branch","line":69,"loc":{"start":{"line":69,"column":44},"end":{"line":71,"column":9}},"locations":[{"start":{"line":69,"column":44},"end":{"line":71,"column":9}}]},"13":{"type":"branch","line":98,"loc":{"start":{"line":98,"column":32},"end":{"line":141,"column":7}},"locations":[{"start":{"line":98,"column":32},"end":{"line":141,"column":7}}]},"14":{"type":"branch","line":123,"loc":{"start":{"line":123,"column":14},"end":{"line":123,"column":20}},"locations":[{"start":{"line":123,"column":14},"end":{"line":123,"column":20}}]},"15":{"type":"branch","line":123,"loc":{"start":{"line":123,"column":22},"end":{"line":126,"column":9}},"locations":[{"start":{"line":123,"column":22},"end":{"line":126,"column":9}}]},"16":{"type":"branch","line":126,"loc":{"start":{"line":126,"column":8},"end":{"line":132,"column":18}},"locations":[{"start":{"line":126,"column":8},"end":{"line":132,"column":18}}]},"17":{"type":"branch","line":132,"loc":{"start":{"line":132,"column":14},"end":{"line":132,"column":22}},"locations":[{"start":{"line":132,"column":14},"end":{"line":132,"column":22}}]},"18":{"type":"branch","line":132,"loc":{"start":{"line":132,"column":24},"end":{"line":135,"column":9}},"locations":[{"start":{"line":132,"column":24},"end":{"line":135,"column":9}}]},"19":{"type":"branch","line":135,"loc":{"start":{"line":135,"column":9},"end":{"line":140,"column":9}},"locations":[{"start":{"line":135,"column":9},"end":{"line":140,"column":9}}]},"20":{"type":"branch","line":135,"loc":{"start":{"line":135,"column":21},"end":{"line":135,"column":29}},"locations":[{"start":{"line":135,"column":21},"end":{"line":135,"column":29}}]},"21":{"type":"branch","line":135,"loc":{"start":{"line":135,"column":31},"end":{"line":138,"column":9}},"locations":[{"start":{"line":135,"column":31},"end":{"line":138,"column":9}}]},"22":{"type":"branch","line":141,"loc":{"start":{"line":141,"column":6},"end":{"line":149,"column":6}},"locations":[{"start":{"line":141,"column":6},"end":{"line":149,"column":6}}]},"23":{"type":"branch","line":149,"loc":{"start":{"line":149,"column":6},"end":{"line":151,"column":5}},"locations":[{"start":{"line":149,"column":6},"end":{"line":151,"column":5}}]},"24":{"type":"branch","line":40,"loc":{"start":{"line":40,"column":25},"end":{"line":44,"column":38}},"locations":[{"start":{"line":40,"column":25},"end":{"line":44,"column":38}}]},"25":{"type":"branch","line":43,"loc":{"start":{"line":43,"column":16},"end":{"line":43,"column":30}},"locations":[{"start":{"line":43,"column":16},"end":{"line":43,"column":30}}]},"26":{"type":"branch","line":44,"loc":{"start":{"line":44,"column":19},"end":{"line":44,"column":37}},"locations":[{"start":{"line":44,"column":19},"end":{"line":44,"column":37}}]},"27":{"type":"branch","line":45,"loc":{"start":{"line":45,"column":51},"end":{"line":45,"column":72}},"locations":[{"start":{"line":45,"column":51},"end":{"line":45,"column":72}}]},"28":{"type":"branch","line":46,"loc":{"start":{"line":46,"column":51},"end":{"line":46,"column":72}},"locations":[{"start":{"line":46,"column":51},"end":{"line":46,"column":72}}]},"29":{"type":"branch","line":50,"loc":{"start":{"line":50,"column":28},"end":{"line":50,"column":71}},"locations":[{"start":{"line":50,"column":28},"end":{"line":50,"column":71}}]},"30":{"type":"branch","line":50,"loc":{"start":{"line":50,"column":47},"end":{"line":50,"column":70}},"locations":[{"start":{"line":50,"column":47},"end":{"line":50,"column":70}}]},"31":{"type":"branch","line":56,"loc":{"start":{"line":56,"column":22},"end":{"line":56,"column":62}},"locations":[{"start":{"line":56,"column":22},"end":{"line":56,"column":62}}]},"32":{"type":"branch","line":68,"loc":{"start":{"line":68,"column":27},"end":{"line":68,"column":67}},"locations":[{"start":{"line":68,"column":27},"end":{"line":68,"column":67}}]},"33":{"type":"branch","line":75,"loc":{"start":{"line":75,"column":28},"end":{"line":81,"column":7}},"locations":[{"start":{"line":75,"column":28},"end":{"line":81,"column":7}}]},"34":{"type":"branch","line":77,"loc":{"start":{"line":77,"column":38},"end":{"line":77,"column":59}},"locations":[{"start":{"line":77,"column":38},"end":{"line":77,"column":59}}]},"35":{"type":"branch","line":77,"loc":{"start":{"line":77,"column":66},"end":{"line":79,"column":9}},"locations":[{"start":{"line":77,"column":66},"end":{"line":79,"column":9}}]},"36":{"type":"branch","line":78,"loc":{"start":{"line":78,"column":36},"end":{"line":78,"column":40}},"locations":[{"start":{"line":78,"column":36},"end":{"line":78,"column":40}}]},"37":{"type":"branch","line":102,"loc":{"start":{"line":102,"column":27},"end":{"line":117,"column":9}},"locations":[{"start":{"line":102,"column":27},"end":{"line":117,"column":9}}]},"38":{"type":"branch","line":103,"loc":{"start":{"line":103,"column":33},"end":{"line":103,"column":38}},"locations":[{"start":{"line":103,"column":33},"end":{"line":103,"column":38}}]},"39":{"type":"branch","line":103,"loc":{"start":{"line":103,"column":38},"end":{"line":103,"column":43}},"locations":[{"start":{"line":103,"column":38},"end":{"line":103,"column":43}}]},"40":{"type":"branch","line":105,"loc":{"start":{"line":105,"column":31},"end":{"line":113,"column":11}},"locations":[{"start":{"line":105,"column":31},"end":{"line":113,"column":11}}]},"41":{"type":"branch","line":107,"loc":{"start":{"line":107,"column":40},"end":{"line":113,"column":11}},"locations":[{"start":{"line":107,"column":40},"end":{"line":113,"column":11}}]},"42":{"type":"branch","line":113,"loc":{"start":{"line":113,"column":10},"end":{"line":117,"column":9}},"locations":[{"start":{"line":113,"column":10},"end":{"line":117,"column":9}}]},"43":{"type":"branch","line":109,"loc":{"start":{"line":109,"column":32},"end":{"line":109,"column":54}},"locations":[{"start":{"line":109,"column":32},"end":{"line":109,"column":54}}]},"44":{"type":"branch","line":144,"loc":{"start":{"line":144,"column":18},"end":{"line":145,"column":60}},"locations":[{"start":{"line":144,"column":18},"end":{"line":145,"column":60}}]}},"b":{"0":[7],"1":[0],"2":[6],"3":[1],"4":[6],"5":[0],"6":[6],"7":[11],"8":[1],"9":[5],"10":[4],"11":[3],"12":[1],"13":[9],"14":[7],"15":[1],"16":[8],"17":[6],"18":[6],"19":[2],"20":[0],"21":[0],"22":[4],"23":[0],"24":[21],"25":[43],"26":[43],"27":[19],"28":[12],"29":[13],"30":[29],"31":[6],"32":[7],"33":[17],"34":[37],"35":[33],"36":[20],"37":[18],"38":[9],"39":[9],"40":[2],"41":[1],"42":[16],"43":[2],"44":[7]},"fnMap":{"0":{"name":"encontraPessoas","decl":{"start":{"line":8,"column":2},"end":{"line":152,"column":3}},"loc":{"start":{"line":8,"column":2},"end":{"line":152,"column":3}},"line":8},"1":{"name":"parseList","decl":{"start":{"line":40,"column":25},"end":{"line":44,"column":38}},"loc":{"start":{"line":40,"column":25},"end":{"line":44,"column":38}},"line":40},"2":{"name":"allValidToys","decl":{"start":{"line":50,"column":28},"end":{"line":50,"column":71}},"loc":{"start":{"line":50,"column":28},"end":{"line":50,"column":71}},"line":50},"3":{"name":"hasDup","decl":{"start":{"line":56,"column":22},"end":{"line":56,"column":62}},"loc":{"start":{"line":56,"column":22},"end":{"line":56,"column":62}},"line":56},"4":{"name":"hasToyDup","decl":{"start":{"line":68,"column":27},"end":{"line":68,"column":67}},"loc":{"start":{"line":68,"column":27},"end":{"line":68,"column":67}},"line":68},"5":{"name":"isSubsequence","decl":{"start":{"line":75,"column":28},"end":{"line":81,"column":7}},"loc":{"start":{"line":75,"column":28},"end":{"line":81,"column":7}},"line":75},"6":{"name":"hasAllIgnoringOrder","decl":{"start":{"line":84,"column":34},"end":{"line":93,"column":7}},"loc":{"start":{"line":84,"column":34},"end":{"line":93,"column":7}},"line":84},"7":{"name":"qualifies","decl":{"start":{"line":102,"column":27},"end":{"line":117,"column":9}},"loc":{"start":{"line":102,"column":27},"end":{"line":117,"column":9}},"line":102}},"f":{"0":7,"1":21,"2":13,"3":6,"4":7,"5":17,"6":0,"7":18}}
}
