TN:
SF:src\abrigo-animais.js
FN:8,encontraPessoas
FN:40,parseList
FN:50,allValidToys
FN:56,hasDup
FN:68,hasToyDup
FN:75,isSubsequence
FN:84,hasAllIgnoringOrder
FN:102,qualifies
FNF:8
FNH:7
FNDA:7,encontraPessoas
FNDA:21,parseList
FNDA:13,allValidToys
FNDA:6,hasDup
FNDA:7,hasToyDup
FNDA:17,isSubsequence
FNDA:0,hasAllIgnoringOrder
FNDA:18,qualifies
DA:1,1
DA:2,1
DA:3,1
DA:4,1
DA:5,1
DA:6,1
DA:7,1
DA:8,1
DA:9,7
DA:10,7
DA:11,7
DA:12,7
DA:13,7
DA:14,7
DA:15,7
DA:16,7
DA:17,7
DA:18,7
DA:19,7
DA:20,7
DA:21,7
DA:22,7
DA:23,7
DA:24,7
DA:25,7
DA:26,7
DA:27,7
DA:28,7
DA:29,7
DA:30,7
DA:31,7
DA:32,7
DA:33,7
DA:34,7
DA:35,7
DA:36,0
DA:37,0
DA:38,7
DA:39,7
DA:40,7
DA:41,21
DA:42,21
DA:43,21
DA:44,7
DA:45,7
DA:46,7
DA:47,7
DA:48,7
DA:49,7
DA:50,7
DA:51,7
DA:52,1
DA:53,1
DA:54,6
DA:55,6
DA:56,6
DA:57,7
DA:58,0
DA:59,0
DA:60,7
DA:61,11
DA:62,1
DA:63,1
DA:64,11
DA:65,5
DA:66,5
DA:67,7
DA:68,4
DA:69,4
DA:70,1
DA:71,1
DA:72,4
DA:73,4
DA:74,4
DA:75,4
DA:76,17
DA:77,17
DA:78,33
DA:79,33
DA:80,17
DA:81,4
DA:82,4
DA:83,4
DA:84,4
DA:85,0
DA:86,0
DA:87,0
DA:88,0
DA:89,0
DA:90,0
DA:91,0
DA:92,0
DA:93,4
DA:94,4
DA:95,4
DA:96,4
DA:97,4
DA:98,7
DA:99,9
DA:100,9
DA:101,9
DA:102,9
DA:103,18
DA:104,18
DA:105,18
DA:106,2
DA:107,2
DA:108,1
DA:109,1
DA:110,1
DA:111,1
DA:112,1
DA:113,1
DA:114,16
DA:115,16
DA:116,16
DA:117,9
DA:118,9
DA:119,9
DA:120,9
DA:121,9
DA:122,9
DA:123,9
DA:124,1
DA:125,1
DA:126,1
DA:127,8
DA:128,8
DA:129,8
DA:130,8
DA:131,8
DA:132,9
DA:133,6
DA:134,6
DA:135,9
DA:136,0
DA:137,0
DA:138,2
DA:139,2
DA:140,2
DA:141,9
DA:142,4
DA:143,4
DA:144,4
DA:145,7
DA:146,4
DA:147,4
DA:148,4
DA:149,7
DA:150,0
DA:151,0
DA:152,7
DA:153,1
DA:154,1
DA:155,1
LF:155
LH:139
BRDA:8,0,0,7
BRDA:35,1,0,0
BRDA:51,2,0,6
BRDA:51,3,0,1
BRDA:53,4,0,6
BRDA:57,5,0,0
BRDA:59,6,0,6
BRDA:60,7,0,11
BRDA:61,8,0,1
BRDA:64,9,0,5
BRDA:67,10,0,4
BRDA:69,11,0,3
BRDA:69,12,0,1
BRDA:98,13,0,9
BRDA:123,14,0,7
BRDA:123,15,0,1
BRDA:126,16,0,8
BRDA:132,17,0,6
BRDA:132,18,0,6
BRDA:135,19,0,2
BRDA:135,20,0,0
BRDA:135,21,0,0
BRDA:141,22,0,4
BRDA:149,23,0,0
BRDA:40,24,0,21
BRDA:43,25,0,43
BRDA:44,26,0,43
BRDA:45,27,0,19
BRDA:46,28,0,12
BRDA:50,29,0,13
BRDA:50,30,0,29
BRDA:56,31,0,6
BRDA:68,32,0,7
BRDA:75,33,0,17
BRDA:77,34,0,37
BRDA:77,35,0,33
BRDA:78,36,0,20
BRDA:102,37,0,18
BRDA:103,38,0,9
BRDA:103,39,0,9
BRDA:105,40,0,2
BRDA:107,41,0,1
BRDA:113,42,0,16
BRDA:109,43,0,2
BRDA:144,44,0,7
BRF:45
BRH:40
end_of_record
